<?xml version="1.0" encoding="UTF-8"?>
<!-- Generated by org.testng.reporters.JUnitReportReporter -->
<testsuite name="com.agility.focis.utility.RenameTheEmailReport" tests="1" time="5.010" ignored="0" failures="0" timestamp="23 Dec 2019 04:51:06 GMT" skipped="0" hostname="INHYDLRGURAJALA" errors="0">
  <testcase name="withTimestamp" time="5.010" classname="com.agility.focis.utility.RenameTheEmailReport"/>
</testsuite> <!-- com.agility.focis.utility.RenameTheEmailReport -->
