<?xml version="1.0" encoding="UTF-8"?>
<!-- Generated by org.testng.reporters.JUnitReportReporter -->
<testsuite hostname="INHYDLSDARJI" name="day19.CheckBoxes1" tests="1" failures="0" timestamp="7 Jul 2020 15:12:06 GMT" time="34.427" errors="0">
  <testcase name="checkBoxestest" time="34.427" classname="day19.CheckBoxes1"/>
</testsuite> <!-- day19.CheckBoxes1 -->
