<?xml version="1.0" encoding="UTF-8"?>
<!-- Generated by org.testng.reporters.JUnitReportReporter -->
<testsuite hostname="INHYDLSDARJI" name="day10.SliderBar" tests="1" failures="0" timestamp="4 Jul 2020 18:40:45 GMT" time="19.337" errors="0">
  <testcase name="slidertest" time="19.337" classname="day10.SliderBar"/>
</testsuite> <!-- day10.SliderBar -->
