<?xml version="1.0" encoding="UTF-8"?>
<!-- Generated by org.testng.reporters.JUnitReportReporter -->
<testsuite hostname="INHYDLSDARJI" name="day20.DatadrivenTesting1" tests="1" failures="0" timestamp="7 Jul 2020 15:47:09 GMT" time="40.967" errors="0">
  <testcase name="datadrivenTest" time="40.967" classname="day20.DatadrivenTesting1"/>
</testsuite> <!-- day20.DatadrivenTesting1 -->
