<?xml version="1.0" encoding="UTF-8"?>
<!-- Generated by org.testng.reporters.JUnitReportReporter -->
<testsuite hostname="INHYDLSDARJI" name="day10.DragandDrop" tests="1" failures="0" timestamp="4 Jul 2020 14:55:17 GMT" time="20.578" errors="0">
  <testcase name="dragandDropTest" time="20.578" classname="day10.DragandDrop"/>
</testsuite> <!-- day10.DragandDrop -->
