<?xml version="1.0" encoding="UTF-8"?>
<!-- Generated by org.testng.reporters.JUnitReportReporter -->
<testsuite hostname="INHYDLSDARJI" name="day12.ElementPresence" tests="1" failures="0" timestamp="4 Jul 2020 18:59:31 GMT" time="18.619" errors="0">
  <testcase name="elementTest" time="18.619" classname="day12.ElementPresence"/>
</testsuite> <!-- day12.ElementPresence -->
