<?xml version="1.0" encoding="UTF-8"?>
<!-- Generated by org.testng.reporters.JUnitReportReporter -->
<testsuite hostname="INHYDLSDARJI" name="day9.Sample" tests="2" failures="0" timestamp="4 Jul 2020 14:39:55 GMT" time="0.020" errors="0">
  <testcase name="regTest" time="0.002" classname="day9.Sample"/>
  <testcase name="loginTest" time="0.018" classname="day9.Sample"/>
</testsuite> <!-- day9.Sample -->
