<?xml version="1.0" encoding="UTF-8"?>
<!-- Generated by org.testng.reporters.JUnitReportReporter -->
<testsuite hostname="INHYDLSDARJI" name="day12.InputFields2" tests="1" failures="0" timestamp="4 Jul 2020 19:11:13 GMT" time="17.468" errors="0">
  <testcase name="inputBoxTest" time="17.468" classname="day12.InputFields2"/>
</testsuite> <!-- day12.InputFields2 -->
